2024-11-26 23:04:11,773 [Worker-4: Loading available Gradle versions] INFO  o.e.b.c.i.u.g.PublishedGradleVersions - Gradle version information cache is up-to-date. Trying to read.
2024-11-26 23:04:47,475 [Worker-10: Importing Maven projects] INFO  o.e.m.c.i.l.LifecycleMappingFactory - Using org.eclipse.m2e.jdt.JarLifecycleMapping lifecycle mapping for MavenProject: com.objetivosAprendizagemDaSemana:objetivosAprendizagemDaSemana:0.0.1-SNAPSHOT @ C:\Users\ivan\Desktop\Generation\Projetos Spring\objetivosDeAprendizadoDaSemana-api\objetivosAprendizagemDaSemana\pom.xml.
2024-11-26 23:04:51,458 [Worker-10: Importing Maven projects] INFO  o.e.m.j.i.AbstractJavaProjectConfigurator - Adding source folder /objetivosAprendizagemDaSemana/src/main/java
2024-11-26 23:04:51,464 [Worker-10: Importing Maven projects] INFO  o.e.m.j.i.AbstractJavaProjectConfigurator - Adding resource folder /objetivosAprendizagemDaSemana/src/main/resources
2024-11-26 23:04:51,478 [Worker-10: Importing Maven projects] INFO  o.e.m.j.i.AbstractJavaProjectConfigurator - Adding resource folder /objetivosAprendizagemDaSemana/src/main/resources
2024-11-26 23:04:51,490 [Worker-10: Importing Maven projects] INFO  o.e.m.j.i.AbstractJavaProjectConfigurator - Adding source folder /objetivosAprendizagemDaSemana/src/test/java
2024-11-26 23:04:51,493 [Worker-10: Importing Maven projects] INFO  o.e.m.j.i.AbstractJavaProjectConfigurator - Adding resource folder /objetivosAprendizagemDaSemana/src/test/resources
2024-11-26 23:04:53,808 [Worker-10: Importing Maven projects] INFO  o.e.m.c.i.p.ProjectConfigurationManager - Imported and configured 1 project(s) in 11 sec
2024-11-26 23:04:54,118 [Worker-1: Updating Maven Project] INFO  o.e.m.c.i.p.ProjectConfigurationManager - Update started
2024-11-26 23:04:55,636 [Worker-1: Updating Maven Project] INFO  o.e.m.c.i.l.LifecycleMappingFactory - Using org.eclipse.m2e.jdt.JarLifecycleMapping lifecycle mapping for MavenProject: com.objetivosAprendizagemDaSemana:objetivosAprendizagemDaSemana:0.0.1-SNAPSHOT @ C:\Users\ivan\Desktop\Generation\Projetos Spring\objetivosDeAprendizadoDaSemana-api\objetivosAprendizagemDaSemana\pom.xml.
2024-11-26 23:04:57,320 [Worker-1: Updating Maven Project] INFO  o.e.m.j.i.AbstractJavaProjectConfigurator - Adding source folder /objetivosAprendizagemDaSemana/src/main/java
2024-11-26 23:04:57,325 [Worker-1: Updating Maven Project] INFO  o.e.m.j.i.AbstractJavaProjectConfigurator - Adding resource folder /objetivosAprendizagemDaSemana/src/main/resources
2024-11-26 23:04:57,327 [Worker-1: Updating Maven Project] INFO  o.e.m.j.i.AbstractJavaProjectConfigurator - Adding resource folder /objetivosAprendizagemDaSemana/src/main/resources
2024-11-26 23:04:57,328 [Worker-1: Updating Maven Project] INFO  o.e.m.j.i.AbstractJavaProjectConfigurator - Adding source folder /objetivosAprendizagemDaSemana/src/test/java
2024-11-26 23:04:57,331 [Worker-1: Updating Maven Project] INFO  o.e.m.j.i.AbstractJavaProjectConfigurator - Adding resource folder /objetivosAprendizagemDaSemana/src/test/resources
2024-11-26 23:04:58,659 [Worker-1: Updating Maven Project] INFO  o.e.m.c.i.p.ProjectConfigurationManager - Update completed for 1 poms: local refresh takes 0,00 sec, refresh facades takes 3,00 sec, update config takes 0,00 sec 
2024-11-26 23:05:00,146 [Worker-9: Building] INFO  o.a.m.s.f.DefaultMavenResourcesFiltering - Copying 1 resource from src\main\resources to target\classes
2024-11-26 23:05:00,178 [Worker-9: Building] INFO  o.a.m.s.f.DefaultMavenResourcesFiltering - Copying 0 resource from src\main\resources to target\classes
2024-11-26 23:05:00,187 [Worker-9: Building] INFO  o.a.m.s.f.DefaultMavenResourcesFiltering - skip non existing resourceDirectory C:\Users\ivan\Desktop\Generation\Projetos Spring\objetivosDeAprendizadoDaSemana-api\objetivosAprendizagemDaSemana\src\test\resources
2024-11-26 23:06:57,271 [Worker-3: Building] INFO  o.a.m.s.f.DefaultMavenResourcesFiltering - Copying 1 resource from src\main\resources to target\classes
2024-11-26 23:06:57,285 [Worker-3: Building] INFO  o.a.m.s.f.DefaultMavenResourcesFiltering - Copying 0 resource from src\main\resources to target\classes
2024-11-26 23:06:57,301 [Worker-3: Building] INFO  o.a.m.s.f.DefaultMavenResourcesFiltering - skip non existing resourceDirectory C:\Users\ivan\Desktop\Generation\Projetos Spring\objetivosDeAprendizadoDaSemana-api\objetivosAprendizagemDaSemana\src\test\resources
2024-11-26 23:07:33,680 [Worker-3: Building] INFO  o.a.m.s.f.DefaultMavenResourcesFiltering - Copying 1 resource from src\main\resources to target\classes
2024-11-26 23:07:33,698 [Worker-3: Building] INFO  o.a.m.s.f.DefaultMavenResourcesFiltering - Copying 0 resource from src\main\resources to target\classes
2024-11-26 23:07:33,731 [Worker-3: Building] INFO  o.a.m.s.f.DefaultMavenResourcesFiltering - skip non existing resourceDirectory C:\Users\ivan\Desktop\Generation\Projetos Spring\objetivosDeAprendizadoDaSemana-api\objetivosAprendizagemDaSemana\src\test\resources
2024-11-26 23:14:24,031 [Worker-2: Building] INFO  o.a.m.s.f.DefaultMavenResourcesFiltering - Copying 1 resource from src\main\resources to target\classes
2024-11-26 23:14:24,043 [Worker-2: Building] INFO  o.a.m.s.f.DefaultMavenResourcesFiltering - Copying 0 resource from src\main\resources to target\classes
2024-11-26 23:14:24,048 [Worker-2: Building] INFO  o.a.m.s.f.DefaultMavenResourcesFiltering - skip non existing resourceDirectory C:\Users\ivan\Desktop\Generation\Projetos Spring\objetivosDeAprendizadoDaSemana-api\objetivosAprendizagemDaSemana\src\test\resources
2024-11-26 23:14:31,381 [Worker-5: Building] INFO  o.a.m.s.f.DefaultMavenResourcesFiltering - Copying 1 resource from src\main\resources to target\classes
2024-11-26 23:14:31,409 [Worker-5: Building] INFO  o.a.m.s.f.DefaultMavenResourcesFiltering - Copying 0 resource from src\main\resources to target\classes
2024-11-26 23:14:31,416 [Worker-5: Building] INFO  o.a.m.s.f.DefaultMavenResourcesFiltering - skip non existing resourceDirectory C:\Users\ivan\Desktop\Generation\Projetos Spring\objetivosDeAprendizadoDaSemana-api\objetivosAprendizagemDaSemana\src\test\resources
2024-11-26 23:15:22,406 [Worker-9: Building] INFO  o.a.m.s.f.DefaultMavenResourcesFiltering - Copying 1 resource from src\main\resources to target\classes
2024-11-26 23:15:22,427 [Worker-9: Building] INFO  o.a.m.s.f.DefaultMavenResourcesFiltering - Copying 0 resource from src\main\resources to target\classes
2024-11-26 23:15:22,439 [Worker-9: Building] INFO  o.a.m.s.f.DefaultMavenResourcesFiltering - skip non existing resourceDirectory C:\Users\ivan\Desktop\Generation\Projetos Spring\objetivosDeAprendizadoDaSemana-api\objetivosAprendizagemDaSemana\src\test\resources
2024-11-26 23:17:31,165 [Worker-9: Building] INFO  o.a.m.s.f.DefaultMavenResourcesFiltering - Copying 1 resource from src\main\resources to target\classes
2024-11-26 23:17:31,174 [Worker-9: Building] INFO  o.a.m.s.f.DefaultMavenResourcesFiltering - Copying 0 resource from src\main\resources to target\classes
2024-11-26 23:17:31,181 [Worker-9: Building] INFO  o.a.m.s.f.DefaultMavenResourcesFiltering - skip non existing resourceDirectory C:\Users\ivan\Desktop\Generation\Projetos Spring\objetivosDeAprendizadoDaSemana-api\objetivosAprendizagemDaSemana\src\test\resources
2024-11-26 23:17:43,121 [Worker-9: Building] INFO  o.a.m.s.f.DefaultMavenResourcesFiltering - Copying 1 resource from src\main\resources to target\classes
2024-11-26 23:17:43,128 [Worker-9: Building] INFO  o.a.m.s.f.DefaultMavenResourcesFiltering - Copying 0 resource from src\main\resources to target\classes
2024-11-26 23:17:43,133 [Worker-9: Building] INFO  o.a.m.s.f.DefaultMavenResourcesFiltering - skip non existing resourceDirectory C:\Users\ivan\Desktop\Generation\Projetos Spring\objetivosDeAprendizadoDaSemana-api\objetivosAprendizagemDaSemana\src\test\resources
2024-11-26 23:18:00,381 [Worker-2: Building] INFO  o.a.m.s.f.DefaultMavenResourcesFiltering - Copying 1 resource from src\main\resources to target\classes
2024-11-26 23:18:00,396 [Worker-2: Building] INFO  o.a.m.s.f.DefaultMavenResourcesFiltering - Copying 0 resource from src\main\resources to target\classes
2024-11-26 23:18:00,402 [Worker-2: Building] INFO  o.a.m.s.f.DefaultMavenResourcesFiltering - skip non existing resourceDirectory C:\Users\ivan\Desktop\Generation\Projetos Spring\objetivosDeAprendizadoDaSemana-api\objetivosAprendizagemDaSemana\src\test\resources
2024-11-27 08:11:51,025 [Worker-0: Loading available Gradle versions] INFO  o.e.b.c.i.u.g.PublishedGradleVersions - Gradle version information cache is up-to-date. Trying to read.
